{
  "stats": {
    "suites": 1,
    "tests": 2,
    "passes": 2,
    "pending": 0,
    "failures": 0,
    "start": "2024-07-01T01:07:12.632Z",
    "end": "2024-07-01T01:07:34.826Z",
    "duration": 22194,
    "testsRegistered": 2,
    "passPercent": 100,
    "pendingPercent": 0,
    "other": 0,
    "hasOther": false,
    "skipped": 0,
    "hasSkipped": false
  },
  "results": [
    {
      "uuid": "5cde6da6-374a-496e-890d-bee6d42e325f",
      "title": "",
      "fullFile": "cypress\\e2e\\testes.cy.js",
      "file": "cypress\\e2e\\testes.cy.js",
      "beforeHooks": [],
      "afterHooks": [],
      "tests": [],
      "suites": [
        {
          "uuid": "e8a8fab8-d278-4728-81c3-aaf209b5af27",
          "title": "Desafio QA Front-End",
          "fullFile": "",
          "file": "",
          "beforeHooks": [],
          "afterHooks": [],
          "tests": [
            {
              "title": "CT001 - Adicionar cliente",
              "fullTitle": "Desafio QA Front-End CT001 - Adicionar cliente",
              "timedOut": null,
              "duration": 12942,
              "state": "passed",
              "speed": "slow",
              "pass": true,
              "fail": false,
              "pending": false,
              "context": null,
              "code": "_desafio.default.acessarPagina();\n_desafio.default.mudarVersao();\n_desafio.default.adicionarCustomer();\n_desafio.default.informarName();\n_desafio.default.informarLastName();\n_desafio.default.informarcontactFirsName();\n_desafio.default.informarPhone();\n_desafio.default.informarAdressLine1();\n_desafio.default.informarAdressLine2();\n_desafio.default.informarCity();\n_desafio.default.informarState();\n_desafio.default.informarPostalCode();\n_desafio.default.informarCountry();\n_desafio.default.selecionarFromEmployeer();\n_desafio.default.informarCreditLimit();\n_desafio.default.informarDeleted();\n_desafio.default.clicarEmSave();\n_desafio.default.validarMensagemSucesso();",
              "err": {},
              "uuid": "571e9fbe-0cf7-4292-9893-e0d7b1d6def0",
              "parentUUID": "e8a8fab8-d278-4728-81c3-aaf209b5af27",
              "isHook": false,
              "skipped": false
            },
            {
              "title": "CT002 - Deletar cliente Criado",
              "fullTitle": "Desafio QA Front-End CT002 - Deletar cliente Criado",
              "timedOut": null,
              "duration": 5624,
              "state": "passed",
              "speed": "medium",
              "pass": true,
              "fail": false,
              "pending": false,
              "context": null,
              "code": "_desafio.default.acessarPagina();\n_desafio.default.mudarVersao();\n_desafio.default.buscarClienteCriado();\n_desafio.default.selecionaClienteCriado();\n_desafio.default.clicarEmDelete();\n_desafio.default.validarMensagemDelete();\n_desafio.default.deletarClienteCriado();\n_desafio.default.mensagemDeletadoComSucesso();",
              "err": {},
              "uuid": "b7e9b7dc-cf8e-43c0-a168-9ca3e6525538",
              "parentUUID": "e8a8fab8-d278-4728-81c3-aaf209b5af27",
              "isHook": false,
              "skipped": false
            }
          ],
          "suites": [],
          "passes": [
            "571e9fbe-0cf7-4292-9893-e0d7b1d6def0",
            "b7e9b7dc-cf8e-43c0-a168-9ca3e6525538"
          ],
          "failures": [],
          "pending": [],
          "skipped": [],
          "duration": 18566,
          "root": false,
          "rootEmpty": false,
          "_timeout": 2000
        }
      ],
      "passes": [],
      "failures": [],
      "pending": [],
      "skipped": [],
      "duration": 0,
      "root": true,
      "rootEmpty": true,
      "_timeout": 2000
    }
  ],
  "meta": {
    "mocha": {
      "version": "7.0.1"
    },
    "mochawesome": {
      "options": {
        "quiet": false,
        "reportFilename": "mochawesome",
        "saveHtml": false,
        "saveJson": true,
        "consoleReporter": "spec",
        "useInlineDiffs": false,
        "code": true
      },
      "version": "7.1.3"
    },
    "marge": {
      "options": {
        "reportDir": "cypress\\reports\\.jsons",
        "overwrite": false,
        "html": false,
        "json": true,
        "charts": true,
        "reportPageTitle": "Test Report",
        "embeddedScreenshots": true,
        "inlineAssets": true,
        "saveJson": true
      },
      "version": "6.2.0"
    }
  }
}