{
  "stats": {
    "suites": 1,
    "tests": 2,
    "passes": 2,
    "pending": 0,
    "failures": 0,
    "start": "2024-07-01T16:19:23.198Z",
    "end": "2024-07-01T16:19:47.908Z",
    "duration": 24710,
    "testsRegistered": 2,
    "passPercent": 100,
    "pendingPercent": 0,
    "other": 0,
    "hasOther": false,
    "skipped": 0,
    "hasSkipped": false
  },
  "results": [
    {
      "uuid": "1f3374f6-ec25-4bc6-9f56-a4ac73f35fbc",
      "title": "",
      "fullFile": "cypress\\e2e\\testes.cy.js",
      "file": "cypress\\e2e\\testes.cy.js",
      "beforeHooks": [],
      "afterHooks": [],
      "tests": [],
      "suites": [
        {
          "uuid": "e5ea0acf-e53a-4607-ae7e-263439d6c1d7",
          "title": "Desafio QA Front-End",
          "fullFile": "",
          "file": "",
          "beforeHooks": [],
          "afterHooks": [],
          "tests": [
            {
              "title": "CT001 - Adicionar cliente",
              "fullTitle": "Desafio QA Front-End CT001 - Adicionar cliente",
              "timedOut": null,
              "duration": 13555,
              "state": "passed",
              "speed": "slow",
              "pass": true,
              "fail": false,
              "pending": false,
              "context": "{\n  \"title\": \"cypress-mochawesome-reporter-screenshots\",\n  \"value\": [\n    [\n      \"\\\\testes.cy.js\\\\Desafio QA Front-End -- CT001 - Adicionar cliente -- after each hook.png\"\n    ]\n  ]\n}",
              "code": "_desafio.default.acessarPagina();\n_desafio.default.mudarVersao();\n_desafio.default.adicionarCustomer();\n_desafio.default.informarName();\n_desafio.default.informarLastName();\n_desafio.default.informarcontactFirsName();\n_desafio.default.informarPhone();\n_desafio.default.informarAdressLine1();\n_desafio.default.informarAdressLine2();\n_desafio.default.informarCity();\n_desafio.default.informarState();\n_desafio.default.informarPostalCode();\n_desafio.default.informarCountry();\n_desafio.default.selecionarFromEmployeer();\n_desafio.default.informarCreditLimit();\n_desafio.default.informarDeleted();\n_desafio.default.clicarEmSave();\n_desafio.default.validarMensagemSucesso();",
              "err": {},
              "uuid": "b77f3e19-f4a6-4bc3-a5fe-8cb8d90eae11",
              "parentUUID": "e5ea0acf-e53a-4607-ae7e-263439d6c1d7",
              "isHook": false,
              "skipped": false
            },
            {
              "title": "CT002 - Deletar cliente Criado",
              "fullTitle": "Desafio QA Front-End CT002 - Deletar cliente Criado",
              "timedOut": null,
              "duration": 6462,
              "state": "passed",
              "speed": "medium",
              "pass": true,
              "fail": false,
              "pending": false,
              "context": "{\n  \"title\": \"cypress-mochawesome-reporter-screenshots\",\n  \"value\": [\n    [\n      \"\\\\testes.cy.js\\\\Desafio QA Front-End -- CT002 - Deletar cliente Criado -- after each hook.png\"\n    ]\n  ]\n}",
              "code": "_desafio.default.acessarPagina();\n_desafio.default.mudarVersao();\n_desafio.default.buscarClienteCriado();\n_desafio.default.selecionaClienteCriado();\n_desafio.default.clicarEmDelete();\n_desafio.default.validarMensagemDelete();\n_desafio.default.deletarClienteCriado();\n_desafio.default.mensagemDeletadoComSucesso();",
              "err": {},
              "uuid": "86950a3f-dfed-44eb-8ffe-7412321cce66",
              "parentUUID": "e5ea0acf-e53a-4607-ae7e-263439d6c1d7",
              "isHook": false,
              "skipped": false
            }
          ],
          "suites": [],
          "passes": [
            "b77f3e19-f4a6-4bc3-a5fe-8cb8d90eae11",
            "86950a3f-dfed-44eb-8ffe-7412321cce66"
          ],
          "failures": [],
          "pending": [],
          "skipped": [],
          "duration": 20017,
          "root": false,
          "rootEmpty": false,
          "_timeout": 2000
        }
      ],
      "passes": [],
      "failures": [],
      "pending": [],
      "skipped": [],
      "duration": 0,
      "root": true,
      "rootEmpty": true,
      "_timeout": 2000
    }
  ],
  "meta": {
    "mocha": {
      "version": "7.0.1"
    },
    "mochawesome": {
      "options": {
        "quiet": false,
        "reportFilename": "mochawesome",
        "saveHtml": false,
        "saveJson": true,
        "consoleReporter": "spec",
        "useInlineDiffs": false,
        "code": true
      },
      "version": "7.1.3"
    },
    "marge": {
      "options": {
        "reportDir": "cypress\\reports\\.jsons",
        "overwrite": false,
        "html": false,
        "json": true,
        "screenshots": {
          "enabled": true,
          "path": "cypress/screenshots"
        }
      },
      "version": "6.2.0"
    }
  }
}