{
  "stats": {
    "suites": 1,
    "tests": 2,
    "passes": 2,
    "pending": 0,
    "failures": 0,
    "start": "2024-07-01T01:05:46.661Z",
    "end": "2024-07-01T01:06:08.642Z",
    "duration": 21981,
    "testsRegistered": 2,
    "passPercent": 100,
    "pendingPercent": 0,
    "other": 0,
    "hasOther": false,
    "skipped": 0,
    "hasSkipped": false
  },
  "results": [
    {
      "uuid": "95c3c503-88e2-49be-9578-1b46c43e0b7f",
      "title": "",
      "fullFile": "cypress\\e2e\\testes.cy.js",
      "file": "cypress\\e2e\\testes.cy.js",
      "beforeHooks": [],
      "afterHooks": [],
      "tests": [],
      "suites": [
        {
          "uuid": "fc794914-6aa7-4fd6-8a91-b2a61b8f2dd5",
          "title": "Desafio QA Front-End",
          "fullFile": "",
          "file": "",
          "beforeHooks": [],
          "afterHooks": [],
          "tests": [
            {
              "title": "CT001 - Adicionar cliente",
              "fullTitle": "Desafio QA Front-End CT001 - Adicionar cliente",
              "timedOut": null,
              "duration": 13262,
              "state": "passed",
              "speed": "slow",
              "pass": true,
              "fail": false,
              "pending": false,
              "context": null,
              "code": "_desafio.default.acessarPagina();\n_desafio.default.mudarVersao();\n_desafio.default.adicionarCustomer();\n_desafio.default.informarName();\n_desafio.default.informarLastName();\n_desafio.default.informarcontactFirsName();\n_desafio.default.informarPhone();\n_desafio.default.informarAdressLine1();\n_desafio.default.informarAdressLine2();\n_desafio.default.informarCity();\n_desafio.default.informarState();\n_desafio.default.informarPostalCode();\n_desafio.default.informarCountry();\n_desafio.default.selecionarFromEmployeer();\n_desafio.default.informarCreditLimit();\n_desafio.default.informarDeleted();\n_desafio.default.clicarEmSave();\n_desafio.default.validarMensagemSucesso();",
              "err": {},
              "uuid": "0ede80b1-c5d1-4d43-8060-49c0be084c8a",
              "parentUUID": "fc794914-6aa7-4fd6-8a91-b2a61b8f2dd5",
              "isHook": false,
              "skipped": false
            },
            {
              "title": "CT002 - Deletar cliente Criado",
              "fullTitle": "Desafio QA Front-End CT002 - Deletar cliente Criado",
              "timedOut": null,
              "duration": 5512,
              "state": "passed",
              "speed": "medium",
              "pass": true,
              "fail": false,
              "pending": false,
              "context": null,
              "code": "_desafio.default.acessarPagina();\n_desafio.default.mudarVersao();\n_desafio.default.buscarClienteCriado();\n_desafio.default.selecionaClienteCriado();\n_desafio.default.clicarEmDelete();\n_desafio.default.validarMensagemDelete();\n_desafio.default.deletarClienteCriado();\n_desafio.default.mensagemDeletadoComSucesso();",
              "err": {},
              "uuid": "9cb06bbb-9f18-429c-86f4-7a8782ecfba4",
              "parentUUID": "fc794914-6aa7-4fd6-8a91-b2a61b8f2dd5",
              "isHook": false,
              "skipped": false
            }
          ],
          "suites": [],
          "passes": [
            "0ede80b1-c5d1-4d43-8060-49c0be084c8a",
            "9cb06bbb-9f18-429c-86f4-7a8782ecfba4"
          ],
          "failures": [],
          "pending": [],
          "skipped": [],
          "duration": 18774,
          "root": false,
          "rootEmpty": false,
          "_timeout": 2000
        }
      ],
      "passes": [],
      "failures": [],
      "pending": [],
      "skipped": [],
      "duration": 0,
      "root": true,
      "rootEmpty": true,
      "_timeout": 2000
    }
  ],
  "meta": {
    "mocha": {
      "version": "7.0.1"
    },
    "mochawesome": {
      "options": {
        "quiet": false,
        "reportFilename": "mochawesome",
        "saveHtml": false,
        "saveJson": true,
        "consoleReporter": "spec",
        "useInlineDiffs": false,
        "code": true
      },
      "version": "7.1.3"
    },
    "marge": {
      "options": {
        "reportDir": "cypress\\reports\\.jsons",
        "overwrite": false,
        "html": false,
        "json": true,
        "charts": true,
        "reportPageTitle": "Test Report",
        "embeddedScreenshots": true,
        "inlineAssets": true,
        "saveJson": true
      },
      "version": "6.2.0"
    }
  }
}