{
  "stats": {
    "suites": 1,
    "tests": 2,
    "passes": 2,
    "pending": 0,
    "failures": 0,
    "start": "2024-07-01T16:57:18.635Z",
    "end": "2024-07-01T16:57:42.496Z",
    "duration": 23861,
    "testsRegistered": 2,
    "passPercent": 100,
    "pendingPercent": 0,
    "other": 0,
    "hasOther": false,
    "skipped": 0,
    "hasSkipped": false
  },
  "results": [
    {
      "uuid": "356c0631-ebb0-4d38-a730-9e5f864cfe7f",
      "title": "",
      "fullFile": "cypress\\e2e\\testes.cy.js",
      "file": "cypress\\e2e\\testes.cy.js",
      "beforeHooks": [],
      "afterHooks": [],
      "tests": [],
      "suites": [
        {
          "uuid": "b3463a59-682a-46ce-ae5e-d71d084d20dd",
          "title": "Desafio QA Front-End",
          "fullFile": "",
          "file": "",
          "beforeHooks": [],
          "afterHooks": [],
          "tests": [
            {
              "title": "CT001 - Adicionar cliente",
              "fullTitle": "Desafio QA Front-End CT001 - Adicionar cliente",
              "timedOut": null,
              "duration": 13217,
              "state": "passed",
              "speed": "slow",
              "pass": true,
              "fail": false,
              "pending": false,
              "context": "{\n  \"title\": \"cypress-mochawesome-reporter-screenshots\",\n  \"value\": [\n    [\n      \"\\\\testes.cy.js\\\\Desafio QA Front-End -- CT001 - Adicionar cliente -- after each hook.png\"\n    ]\n  ]\n}",
              "code": "_desafio.default.acessarPagina();\n_desafio.default.mudarVersao();\n_desafio.default.adicionarCustomer();\n_desafio.default.informarName();\n_desafio.default.informarLastName();\n_desafio.default.informarcontactFirsName();\n_desafio.default.informarPhone();\n_desafio.default.informarAdressLine1();\n_desafio.default.informarAdressLine2();\n_desafio.default.informarCity();\n_desafio.default.informarState();\n_desafio.default.informarPostalCode();\n_desafio.default.informarCountry();\n_desafio.default.selecionarFromEmployeer();\n_desafio.default.informarCreditLimit();\n_desafio.default.informarDeleted();\n_desafio.default.clicarEmSave();\n_desafio.default.validarMensagemSucesso();",
              "err": {},
              "uuid": "bab608a0-40b1-4bd3-b7fd-7dc1b9dd34f9",
              "parentUUID": "b3463a59-682a-46ce-ae5e-d71d084d20dd",
              "isHook": false,
              "skipped": false
            },
            {
              "title": "CT002 - Deletar cliente Criado",
              "fullTitle": "Desafio QA Front-End CT002 - Deletar cliente Criado",
              "timedOut": null,
              "duration": 6037,
              "state": "passed",
              "speed": "medium",
              "pass": true,
              "fail": false,
              "pending": false,
              "context": "{\n  \"title\": \"cypress-mochawesome-reporter-screenshots\",\n  \"value\": [\n    [\n      \"\\\\testes.cy.js\\\\Desafio QA Front-End -- CT002 - Deletar cliente Criado -- after each hook.png\"\n    ]\n  ]\n}",
              "code": "_desafio.default.acessarPagina();\n_desafio.default.mudarVersao();\n_desafio.default.buscarClienteCriado();\n_desafio.default.selecionaClienteCriado();\n_desafio.default.clicarEmDelete();\n_desafio.default.validarMensagemDelete();\n_desafio.default.deletarClienteCriado();\n_desafio.default.mensagemDeletadoComSucesso();",
              "err": {},
              "uuid": "293cc02c-23c7-471d-a601-c335ef892b8e",
              "parentUUID": "b3463a59-682a-46ce-ae5e-d71d084d20dd",
              "isHook": false,
              "skipped": false
            }
          ],
          "suites": [],
          "passes": [
            "bab608a0-40b1-4bd3-b7fd-7dc1b9dd34f9",
            "293cc02c-23c7-471d-a601-c335ef892b8e"
          ],
          "failures": [],
          "pending": [],
          "skipped": [],
          "duration": 19254,
          "root": false,
          "rootEmpty": false,
          "_timeout": 2000
        }
      ],
      "passes": [],
      "failures": [],
      "pending": [],
      "skipped": [],
      "duration": 0,
      "root": true,
      "rootEmpty": true,
      "_timeout": 2000
    }
  ],
  "meta": {
    "mocha": {
      "version": "7.0.1"
    },
    "mochawesome": {
      "options": {
        "quiet": false,
        "reportFilename": "mochawesome-report",
        "saveHtml": false,
        "saveJson": true,
        "consoleReporter": "spec",
        "useInlineDiffs": false,
        "code": true
      },
      "version": "7.1.3"
    },
    "marge": {
      "options": {
        "reportDir": "cypress\\reports\\.jsons",
        "overwrite": false,
        "html": false,
        "json": true,
        "charts": true,
        "embeddedScreenshots": true,
        "inlineAssets": true,
        "saveJson": true,
        "reportFilename": "mochawesome-report",
        "autoOpen": true
      },
      "version": "6.2.0"
    }
  }
}