{
  "stats": {
    "suites": 1,
    "tests": 10,
    "passes": 10,
    "pending": 0,
    "failures": 0,
    "start": "2024-07-01T18:11:25.589Z",
    "end": "2024-07-01T18:11:31.261Z",
    "duration": 5672,
    "testsRegistered": 10,
    "passPercent": 100,
    "pendingPercent": 0,
    "other": 0,
    "hasOther": false,
    "skipped": 0,
    "hasSkipped": false
  },
  "results": [
    {
      "uuid": "b9d19ac4-a74f-40ad-ba9f-1ff9705d7c7e",
      "title": "",
      "fullFile": "cypress\\e2e\\testes.cy.js",
      "file": "cypress\\e2e\\testes.cy.js",
      "beforeHooks": [],
      "afterHooks": [],
      "tests": [],
      "suites": [
        {
          "uuid": "689604ee-ad5f-41e9-b71f-8ae23d44676a",
          "title": "Desafio QA Back-End",
          "fullFile": "",
          "file": "",
          "beforeHooks": [],
          "afterHooks": [],
          "tests": [
            {
              "title": "CT001 - Metodo Requisição GET Sucesso",
              "fullTitle": "Desafio QA Back-End CT001 - Metodo Requisição GET Sucesso",
              "timedOut": null,
              "duration": 488,
              "state": "passed",
              "speed": "fast",
              "pass": true,
              "fail": false,
              "pending": false,
              "context": null,
              "code": "_desafio.default.metodoGetSucesso();",
              "err": {},
              "uuid": "0ea1e9a2-0d2d-459a-a4a2-45f3936709fe",
              "parentUUID": "689604ee-ad5f-41e9-b71f-8ae23d44676a",
              "isHook": false,
              "skipped": false
            },
            {
              "title": "CT002 - Metodo Requisição GET Falha",
              "fullTitle": "Desafio QA Back-End CT002 - Metodo Requisição GET Falha",
              "timedOut": null,
              "duration": 106,
              "state": "passed",
              "speed": "fast",
              "pass": true,
              "fail": false,
              "pending": false,
              "context": null,
              "code": "_desafio.default.metodoGetFalha();",
              "err": {},
              "uuid": "1093bf7e-79c8-4f75-8fac-1c475f5a731e",
              "parentUUID": "689604ee-ad5f-41e9-b71f-8ae23d44676a",
              "isHook": false,
              "skipped": false
            },
            {
              "title": "CT003 - Metodo Requisição POST Sucesso",
              "fullTitle": "Desafio QA Back-End CT003 - Metodo Requisição POST Sucesso",
              "timedOut": null,
              "duration": 470,
              "state": "passed",
              "speed": "fast",
              "pass": true,
              "fail": false,
              "pending": false,
              "context": null,
              "code": "_desafio.default.metodoPostSucesso();",
              "err": {},
              "uuid": "7e92ac5d-6247-409c-bd47-82ffe2780002",
              "parentUUID": "689604ee-ad5f-41e9-b71f-8ae23d44676a",
              "isHook": false,
              "skipped": false
            },
            {
              "title": "CT004 - Metodo Requisição POST Falha",
              "fullTitle": "Desafio QA Back-End CT004 - Metodo Requisição POST Falha",
              "timedOut": null,
              "duration": 221,
              "state": "passed",
              "speed": "fast",
              "pass": true,
              "fail": false,
              "pending": false,
              "context": null,
              "code": "_desafio.default.metodoPostFalha();",
              "err": {},
              "uuid": "f4762e22-4ca4-4100-9312-db7bf01679bb",
              "parentUUID": "689604ee-ad5f-41e9-b71f-8ae23d44676a",
              "isHook": false,
              "skipped": false
            },
            {
              "title": "CT005 - Metodo Requisição PUT Sucesso",
              "fullTitle": "Desafio QA Back-End CT005 - Metodo Requisição PUT Sucesso",
              "timedOut": null,
              "duration": 224,
              "state": "passed",
              "speed": "fast",
              "pass": true,
              "fail": false,
              "pending": false,
              "context": null,
              "code": "_desafio.default.metodoPutSucesso();",
              "err": {},
              "uuid": "932225ee-bb2f-4d2b-b502-4485427b0375",
              "parentUUID": "689604ee-ad5f-41e9-b71f-8ae23d44676a",
              "isHook": false,
              "skipped": false
            },
            {
              "title": "CT006 - Metodo Requisição PUT Falha",
              "fullTitle": "Desafio QA Back-End CT006 - Metodo Requisição PUT Falha",
              "timedOut": null,
              "duration": 470,
              "state": "passed",
              "speed": "fast",
              "pass": true,
              "fail": false,
              "pending": false,
              "context": null,
              "code": "_desafio.default.metodoPutFalha();",
              "err": {},
              "uuid": "63ba8cf9-6cfc-46ac-8f70-0e54d67330e1",
              "parentUUID": "689604ee-ad5f-41e9-b71f-8ae23d44676a",
              "isHook": false,
              "skipped": false
            },
            {
              "title": "CT007 - Metodo Requisição PATCH Sucesso",
              "fullTitle": "Desafio QA Back-End CT007 - Metodo Requisição PATCH Sucesso",
              "timedOut": null,
              "duration": 226,
              "state": "passed",
              "speed": "fast",
              "pass": true,
              "fail": false,
              "pending": false,
              "context": null,
              "code": "_desafio.default.metodoPatchSucesso();",
              "err": {},
              "uuid": "61a8f7ec-f281-4cb0-a3ea-2b7c50791750",
              "parentUUID": "689604ee-ad5f-41e9-b71f-8ae23d44676a",
              "isHook": false,
              "skipped": false
            },
            {
              "title": "CT008 - Metodo Requisição PATCH Falha",
              "fullTitle": "Desafio QA Back-End CT008 - Metodo Requisição PATCH Falha",
              "timedOut": null,
              "duration": 223,
              "state": "passed",
              "speed": "fast",
              "pass": true,
              "fail": false,
              "pending": false,
              "context": null,
              "code": "_desafio.default.metodoPatchFalha();",
              "err": {},
              "uuid": "dd6d3b86-e641-4fa5-82c1-710399b97a90",
              "parentUUID": "689604ee-ad5f-41e9-b71f-8ae23d44676a",
              "isHook": false,
              "skipped": false
            },
            {
              "title": "CT009 - Metodo Requisição DELETE Sucesso",
              "fullTitle": "Desafio QA Back-End CT009 - Metodo Requisição DELETE Sucesso",
              "timedOut": null,
              "duration": 222,
              "state": "passed",
              "speed": "fast",
              "pass": true,
              "fail": false,
              "pending": false,
              "context": null,
              "code": "_desafio.default.metodoDeleteSucesso();",
              "err": {},
              "uuid": "786b9820-9c06-41e7-bc15-238b217fedec",
              "parentUUID": "689604ee-ad5f-41e9-b71f-8ae23d44676a",
              "isHook": false,
              "skipped": false
            },
            {
              "title": "CT010 - Metodo Requisição DELETE Falha",
              "fullTitle": "Desafio QA Back-End CT010 - Metodo Requisição DELETE Falha",
              "timedOut": null,
              "duration": 231,
              "state": "passed",
              "speed": "fast",
              "pass": true,
              "fail": false,
              "pending": false,
              "context": null,
              "code": "_desafio.default.metodoDeleteFalha();",
              "err": {},
              "uuid": "918c6cd9-3942-4ff9-9139-c0aa0a8bba9e",
              "parentUUID": "689604ee-ad5f-41e9-b71f-8ae23d44676a",
              "isHook": false,
              "skipped": false
            }
          ],
          "suites": [],
          "passes": [
            "0ea1e9a2-0d2d-459a-a4a2-45f3936709fe",
            "1093bf7e-79c8-4f75-8fac-1c475f5a731e",
            "7e92ac5d-6247-409c-bd47-82ffe2780002",
            "f4762e22-4ca4-4100-9312-db7bf01679bb",
            "932225ee-bb2f-4d2b-b502-4485427b0375",
            "63ba8cf9-6cfc-46ac-8f70-0e54d67330e1",
            "61a8f7ec-f281-4cb0-a3ea-2b7c50791750",
            "dd6d3b86-e641-4fa5-82c1-710399b97a90",
            "786b9820-9c06-41e7-bc15-238b217fedec",
            "918c6cd9-3942-4ff9-9139-c0aa0a8bba9e"
          ],
          "failures": [],
          "pending": [],
          "skipped": [],
          "duration": 2881,
          "root": false,
          "rootEmpty": false,
          "_timeout": 2000
        }
      ],
      "passes": [],
      "failures": [],
      "pending": [],
      "skipped": [],
      "duration": 0,
      "root": true,
      "rootEmpty": true,
      "_timeout": 2000
    }
  ],
  "meta": {
    "mocha": {
      "version": "7.0.1"
    },
    "mochawesome": {
      "options": {
        "quiet": false,
        "reportFilename": "mochawesome",
        "saveHtml": true,
        "saveJson": true,
        "consoleReporter": "spec",
        "useInlineDiffs": false,
        "code": true
      },
      "version": "7.1.3"
    },
    "marge": {
      "options": {
        "reporterEnable": "cypress-mochawesome-reporter, mocha-junit-reporter",
        "reportDir": "cypress/reports",
        "overwrite": false,
        "html": true,
        "json": true,
        "screenshots": {
          "enabled": true,
          "path": "cypress/reports/screenshots"
        }
      },
      "version": "6.2.0"
    }
  }
}